<?xml version="1.0" encoding="UTF-8"?>
<testsuite name="com.telran.addressbook.tests.CreateContactTest" tests="2" skipped="0" failures="0" errors="0" timestamp="2018-05-29T06:46:10" hostname="DESKTOP-FBSSRF1" time="7.99">
  <properties/>
  <testcase name="testCreateBlankContact" classname="com.telran.addressbook.tests.CreateContactTest" time="4.015"/>
  <testcase name="testCreateContact" classname="com.telran.addressbook.tests.CreateContactTest" time="3.975"/>
  <system-out><![CDATA[]]></system-out>
  <system-err><![CDATA[]]></system-err>
</testsuite>
