<?xml version="1.0" encoding="UTF-8"?>
<testsuite name="com.telran.addressbook.tests.ModifyGroupTest" tests="1" skipped="0" failures="0" errors="0" timestamp="2018-05-29T06:42:30" hostname="DESKTOP-FBSSRF1" time="0.949">
  <properties/>
  <testcase name="groupModificationTests" classname="com.telran.addressbook.tests.ModifyGroupTest" time="0.949"/>
  <system-out><![CDATA[]]></system-out>
  <system-err><![CDATA[]]></system-err>
</testsuite>
